Running: F:\14.7\ISE_DS\ISE\bin\nt64\unwrapped\fuse.exe -intstyle ise -incremental -lib secureip -o F:/xilinix projects/mips_Single_Cycle_Youssf_hatem_Mahmoud_18102964/Mips_Youssef_Hatem_Mahmoud_18102964_isim_beh.exe -prj F:/xilinix projects/mips_Single_Cycle_Youssf_hatem_Mahmoud_18102964/Mips_Youssef_Hatem_Mahmoud_18102964_beh.prj work.Mips_Youssef_Hatem_Mahmoud_18102964 
ISim P.20131013 (signature 0x7708f090)
Number of CPUs detected in this system: 4
Turning on mult-threading, number of parallel sub-compilation jobs: 8 
Determining compilation order of HDL files
Parsing VHDL file "F:/xilinix projects/mips_Single_Cycle_Youssf_hatem_Mahmoud_18102964/Sign_extend_Youssef_Hatem_Mahmoud_18102964.vhd" into library work
Parsing VHDL file "F:/xilinix projects/mips_Single_Cycle_Youssf_hatem_Mahmoud_18102964/Shift_Left_Youssef_Hatem_Mahmoud_18102964.vhd" into library work
Parsing VHDL file "F:/xilinix projects/mips_Single_Cycle_Youssf_hatem_Mahmoud_18102964/Register_File_Youssef_Hatem_Mahmoud_18102964.vhd" into library work
Parsing VHDL file "F:/xilinix projects/mips_Single_Cycle_Youssf_hatem_Mahmoud_18102964/pc_Youssef_Hatem_mahmoud_18102964.vhd" into library work
Parsing VHDL file "F:/xilinix projects/mips_Single_Cycle_Youssf_hatem_Mahmoud_18102964/Mux_21_5B_Youssef_Hatem_Mahmoud_18102964.vhd" into library work
Parsing VHDL file "F:/xilinix projects/mips_Single_Cycle_Youssf_hatem_Mahmoud_18102964/Mux_21_32B_Youssef_Hatem_Mahmoud_18102964.vhd" into library work
Parsing VHDL file "F:/xilinix projects/mips_Single_Cycle_Youssf_hatem_Mahmoud_18102964/Instruction_Memory_Youssef_Hatem_Mahmoud_18102964.vhd" into library work
Parsing VHDL file "F:/xilinix projects/mips_Single_Cycle_Youssf_hatem_Mahmoud_18102964/dataMemory_Youssef_hatem_mahmoud_18102964.vhd" into library work
Parsing VHDL file "F:/xilinix projects/mips_Single_Cycle_Youssf_hatem_Mahmoud_18102964/Ctrl_Unit_Youssef_Hatem_Mahmoud_18102964.vhd" into library work
Parsing VHDL file "F:/xilinix projects/mips_Single_Cycle_Youssf_hatem_Mahmoud_18102964/Alu_Youssef_Hatem_Mahmoud_18102964.vhd" into library work
Parsing VHDL file "F:/xilinix projects/mips_Single_Cycle_Youssf_hatem_Mahmoud_18102964/Alu_Ctrl_unit_Youssef_Hatem_Mahmoud_18102964.vhd" into library work
Parsing VHDL file "F:/xilinix projects/mips_Single_Cycle_Youssf_hatem_Mahmoud_18102964/Adder_Youssef_Hatem_Mahmoud_18102964.vhd" into library work
Parsing VHDL file "F:/xilinix projects/mips_Single_Cycle_Youssf_hatem_Mahmoud_18102964/Mips_Youssef_Hatem_Mahmoud_18102964.vhd" into library work
Starting static elaboration
Completed static elaboration
Compiling package standard
Compiling package std_logic_1164
Compiling package numeric_std
Compiling package std_logic_arith
Compiling package std_logic_unsigned
Compiling architecture behavioral of entity Alu_Youssef_Hatem_Mahmoud_18102964 [alu_youssef_hatem_mahmoud_181029...]
Compiling architecture behavioral of entity Adder_Youssef_Hatem_Mahmoud_18102964 [adder_youssef_hatem_mahmoud_1810...]
Compiling architecture behavioral of entity Alu_Ctrl_unit_Youssef_Hatem_Mahmoud_18102964 [alu_ctrl_unit_youssef_hatem_mahm...]
Compiling architecture behavioral of entity Ctrl_Unit_Youssef_Hatem_Mahmoud_18102964 [ctrl_unit_youssef_hatem_mahmoud_...]
Compiling architecture behavioral of entity Instruction_Memory_Youssef_Hatem_Mahmoud_18102964 [instruction_memory_youssef_hatem...]
Compiling architecture behavioral of entity Mux_21_32B_Youssef_Hatem_Mahmoud_18102964 [mux_21_32b_youssef_hatem_mahmoud...]
Compiling architecture behavioral of entity Mux_21_5B_Youssef_Hatem_Mahmoud_18102964 [mux_21_5b_youssef_hatem_mahmoud_...]
Compiling architecture behavioral of entity Register_File_Youssef_Hatem_Mahmoud_18102964 [register_file_youssef_hatem_mahm...]
Compiling architecture behavioral of entity Shift_Left_Youssef_Hatem_Mahmoud_18102964 [shift_left_youssef_hatem_mahmoud...]
Compiling architecture behavioral of entity Sign_extend_Youssef_Hatem_Mahmoud_18102964 [sign_extend_youssef_hatem_mahmou...]
Compiling architecture behavioral of entity dataMemory_Youssef_hatem_mahmoud_18102964 [datamemory_youssef_hatem_mahmoud...]
Compiling architecture behavioral of entity pc_Youssef_Hatem_mahmoud_18102964 [pc_youssef_hatem_mahmoud_1810296...]
Compiling architecture behavioral of entity mips_youssef_hatem_mahmoud_18102...
Time Resolution for simulation is 1ps.
Waiting for 10 sub-compilation(s) to finish...
WARNING:Simulator - Unable to copy libPortabilityNOSH.dll to the simulation executable directory: boost::filesystem::copy_file: The system cannot find the path specified, "isim\Mips_Youssef_Hatem_Mahmoud_18102964_isim_beh.exe.sim\libPortability.dll".
Compiled 30 VHDL Units
Built simulation executable F:/xilinix projects/mips_Single_Cycle_Youssf_hatem_Mahmoud_18102964/Mips_Youssef_Hatem_Mahmoud_18102964_isim_beh.exe
Fuse Memory Usage: 37116 KB
Fuse CPU Usage: 1655 ms
