ISim log file
Running: F:\xilinix projects\mips_Single_Cycle_Youssf_hatem_Mahmoud_18102964\Mips_Youssef_Hatem_Mahmoud_18102964_isim_beh.exe -intstyle ise -gui -tclbatch isim.cmd -wdb F:/xilinix projects/mips_Single_Cycle_Youssf_hatem_Mahmoud_18102964/Mips_Youssef_Hatem_Mahmoud_18102964_isim_beh.wdb 
ISim P.20131013 (signature 0x7708f090)
This is a Full version of ISim.
Time resolution is 1 ps
# onerror resume
# wave add /
# run 1000 ns
Simulator is doing circuit initialization process.
at 0 ps, Instance /mips_youssef_hatem_mahmoud_18102964/Inst_Pc_Adder_Youssef_Hatem_Mahmoud_18102964/ : Warning: NUMERIC_STD.TO_INTEGER: metavalue detected, returning 0
at 0 ps, Instance /mips_youssef_hatem_mahmoud_18102964/Inst_Branch_Adder_Youssef_Hatem_Mahmoud_18102964/ : Warning: NUMERIC_STD.TO_INTEGER: metavalue detected, returning 0
at 0 ps, Instance /mips_youssef_hatem_mahmoud_18102964/Inst_Branch_Adder_Youssef_Hatem_Mahmoud_18102964/ : Warning: NUMERIC_STD.TO_INTEGER: metavalue detected, returning 0
at 0 ps, Instance /mips_youssef_hatem_mahmoud_18102964/Inst_Instruction_Memory_Youssef_Hatem_Mahmoud_18102964/ : Warning: NUMERIC_STD.TO_INTEGER: metavalue detected, returning 0
at 0 ps, Instance /mips_youssef_hatem_mahmoud_18102964/Inst_Instruction_Memory_Youssef_Hatem_Mahmoud_18102964/ : Warning: NUMERIC_STD.TO_INTEGER: metavalue detected, returning 0
at 0 ps, Instance /mips_youssef_hatem_mahmoud_18102964/Inst_Instruction_Memory_Youssef_Hatem_Mahmoud_18102964/ : Warning: NUMERIC_STD.TO_INTEGER: metavalue detected, returning 0
at 0 ps, Instance /mips_youssef_hatem_mahmoud_18102964/Inst_Instruction_Memory_Youssef_Hatem_Mahmoud_18102964/ : Warning: NUMERIC_STD.TO_INTEGER: metavalue detected, returning 0
at 0 ps, Instance /mips_youssef_hatem_mahmoud_18102964/Inst_Register_File_Youssef_Hatem_Mahmoud_18102964/ : Warning: NUMERIC_STD.TO_INTEGER: metavalue detected, returning 0
at 0 ps, Instance /mips_youssef_hatem_mahmoud_18102964/Inst_Register_File_Youssef_Hatem_Mahmoud_18102964/ : Warning: NUMERIC_STD.TO_INTEGER: metavalue detected, returning 0
Finished circuit initialization process.
at 0 ps, Instance /mips_youssef_hatem_mahmoud_18102964/Inst_Branch_Adder_Youssef_Hatem_Mahmoud_18102964/ : Warning: NUMERIC_STD.TO_INTEGER: metavalue detected, returning 0
at 0 ps, Instance /mips_youssef_hatem_mahmoud_18102964/Inst_Branch_Adder_Youssef_Hatem_Mahmoud_18102964/ : Warning: NUMERIC_STD.TO_INTEGER: metavalue detected, returning 0
# isim force add /mips_youssef_hatem_mahmoud_18102964/clk 1 -radix bin -value 0 -radix bin -time 500 ps -repeat 1 ns
# run
ERROR: Index 8224 out of bound 0 to 127. 
ERROR: In process dataMemory_Youssef_hatem_mahmoud_18102964.vhd:55 
 
INFO: Simulator is stopped.
