Release 14.7 - xst P.20131013 (nt64)
Copyright (c) 1995-2013 Xilinx, Inc.  All rights reserved.
--> Parameter TMPDIR set to xst/projnav.tmp


Total REAL time to Xst completion: 1.00 secs
Total CPU time to Xst completion: 0.45 secs
 
--> Parameter xsthdpdir set to xst


Total REAL time to Xst completion: 1.00 secs
Total CPU time to Xst completion: 0.46 secs
 
--> Reading design: Mips_Youssef_Hatem_Mahmoud_18102964.prj

TABLE OF CONTENTS
  1) Synthesis Options Summary
  2) HDL Parsing
  3) HDL Elaboration
  4) HDL Synthesis
       4.1) HDL Synthesis Report
  5) Advanced HDL Synthesis
       5.1) Advanced HDL Synthesis Report
  6) Low Level Synthesis
  7) Partition Report
  8) Design Summary
       8.1) Primitive and Black Box Usage
       8.2) Device utilization summary
       8.3) Partition Resource Summary
       8.4) Timing Report
            8.4.1) Clock Information
            8.4.2) Asynchronous Control Signals Information
            8.4.3) Timing Summary
            8.4.4) Timing Details
            8.4.5) Cross Clock Domains Report


=========================================================================
*                      Synthesis Options Summary                        *
=========================================================================
---- Source Parameters
Input File Name                    : "Mips_Youssef_Hatem_Mahmoud_18102964.prj"
Ignore Synthesis Constraint File   : NO

---- Target Parameters
Output File Name                   : "Mips_Youssef_Hatem_Mahmoud_18102964"
Output Format                      : NGC
Target Device                      : xc7a100t-3-csg324

---- Source Options
Top Module Name                    : Mips_Youssef_Hatem_Mahmoud_18102964
Automatic FSM Extraction           : YES
FSM Encoding Algorithm             : Auto
Safe Implementation                : No
FSM Style                          : LUT
RAM Extraction                     : Yes
RAM Style                          : Auto
ROM Extraction                     : Yes
Shift Register Extraction          : YES
ROM Style                          : Auto
Resource Sharing                   : YES
Asynchronous To Synchronous        : NO
Shift Register Minimum Size        : 2
Use DSP Block                      : Auto
Automatic Register Balancing       : No

---- Target Options
LUT Combining                      : Auto
Reduce Control Sets                : Auto
Add IO Buffers                     : YES
Global Maximum Fanout              : 100000
Add Generic Clock Buffer(BUFG)     : 32
Register Duplication               : YES
Optimize Instantiated Primitives   : NO
Use Clock Enable                   : Auto
Use Synchronous Set                : Auto
Use Synchronous Reset              : Auto
Pack IO Registers into IOBs        : Auto
Equivalent register Removal        : YES

---- General Options
Optimization Goal                  : Speed
Optimization Effort                : 1
Power Reduction                    : NO
Keep Hierarchy                     : No
Netlist Hierarchy                  : As_Optimized
RTL Output                         : Yes
Global Optimization                : AllClockNets
Read Cores                         : YES
Write Timing Constraints           : NO
Cross Clock Analysis               : NO
Hierarchy Separator                : /
Bus Delimiter                      : <>
Case Specifier                     : Maintain
Slice Utilization Ratio            : 100
BRAM Utilization Ratio             : 100
DSP48 Utilization Ratio            : 100
Auto BRAM Packing                  : NO
Slice Utilization Ratio Delta      : 5

=========================================================================


=========================================================================
*                          HDL Parsing                                  *
=========================================================================
Parsing VHDL file "F:\xilinix projects\mips_Single_Cycle_Youssf_hatem_Mahmoud_18102964\Sign_extend_Youssef_Hatem_Mahmoud_18102964.vhd" into library work
Parsing entity <Sign_extend_Youssef_Hatem_Mahmoud_18102964>.
Parsing architecture <Behavioral> of entity <sign_extend_youssef_hatem_mahmoud_18102964>.
Parsing VHDL file "F:\xilinix projects\mips_Single_Cycle_Youssf_hatem_Mahmoud_18102964\Shift_Left_Youssef_Hatem_Mahmoud_18102964.vhd" into library work
Parsing entity <Shift_Left_Youssef_Hatem_Mahmoud_18102964>.
Parsing architecture <Behavioral> of entity <shift_left_youssef_hatem_mahmoud_18102964>.
Parsing VHDL file "F:\xilinix projects\mips_Single_Cycle_Youssf_hatem_Mahmoud_18102964\Register_File_Youssef_Hatem_Mahmoud_18102964.vhd" into library work
Parsing entity <Register_File_Youssef_Hatem_Mahmoud_18102964>.
Parsing architecture <Behavioral> of entity <register_file_youssef_hatem_mahmoud_18102964>.
Parsing VHDL file "F:\xilinix projects\mips_Single_Cycle_Youssf_hatem_Mahmoud_18102964\pc_Youssef_Hatem_mahmoud_18102964.vhd" into library work
Parsing entity <pc_Youssef_Hatem_mahmoud_18102964>.
Parsing architecture <Behavioral> of entity <pc_youssef_hatem_mahmoud_18102964>.
Parsing VHDL file "F:\xilinix projects\mips_Single_Cycle_Youssf_hatem_Mahmoud_18102964\Mux_21_5B_Youssef_Hatem_Mahmoud_18102964.vhd" into library work
Parsing entity <Mux_21_5B_Youssef_Hatem_Mahmoud_18102964>.
Parsing architecture <Behavioral> of entity <mux_21_5b_youssef_hatem_mahmoud_18102964>.
Parsing VHDL file "F:\xilinix projects\mips_Single_Cycle_Youssf_hatem_Mahmoud_18102964\Mux_21_32B_Youssef_Hatem_Mahmoud_18102964.vhd" into library work
Parsing entity <Mux_21_32B_Youssef_Hatem_Mahmoud_18102964>.
Parsing architecture <Behavioral> of entity <mux_21_32b_youssef_hatem_mahmoud_18102964>.
Parsing VHDL file "F:\xilinix projects\mips_Single_Cycle_Youssf_hatem_Mahmoud_18102964\Instruction_Memory_Youssef_Hatem_Mahmoud_18102964.vhd" into library work
Parsing entity <Instruction_Memory_Youssef_Hatem_Mahmoud_18102964>.
Parsing architecture <Behavioral> of entity <instruction_memory_youssef_hatem_mahmoud_18102964>.
Parsing VHDL file "F:\xilinix projects\mips_Single_Cycle_Youssf_hatem_Mahmoud_18102964\dataMemory_Youssef_hatem_mahmoud_18102964.vhd" into library work
Parsing entity <dataMemory_Youssef_hatem_mahmoud_18102964>.
Parsing architecture <Behavioral> of entity <datamemory_youssef_hatem_mahmoud_18102964>.
Parsing VHDL file "F:\xilinix projects\mips_Single_Cycle_Youssf_hatem_Mahmoud_18102964\Ctrl_Unit_Youssef_Hatem_Mahmoud_18102964.vhd" into library work
Parsing entity <Ctrl_Unit_Youssef_Hatem_Mahmoud_18102964>.
Parsing architecture <Behavioral> of entity <ctrl_unit_youssef_hatem_mahmoud_18102964>.
Parsing VHDL file "F:\xilinix projects\mips_Single_Cycle_Youssf_hatem_Mahmoud_18102964\Alu_Youssef_Hatem_Mahmoud_18102964.vhd" into library work
Parsing entity <Alu_Youssef_Hatem_Mahmoud_18102964>.
Parsing architecture <Behavioral> of entity <alu_youssef_hatem_mahmoud_18102964>.
Parsing VHDL file "F:\xilinix projects\mips_Single_Cycle_Youssf_hatem_Mahmoud_18102964\Alu_Ctrl_unit_Youssef_Hatem_Mahmoud_18102964.vhd" into library work
Parsing entity <Alu_Ctrl_unit_Youssef_Hatem_Mahmoud_18102964>.
Parsing architecture <Behavioral> of entity <alu_ctrl_unit_youssef_hatem_mahmoud_18102964>.
Parsing VHDL file "F:\xilinix projects\mips_Single_Cycle_Youssf_hatem_Mahmoud_18102964\Adder_Youssef_Hatem_Mahmoud_18102964.vhd" into library work
Parsing entity <Adder_Youssef_Hatem_Mahmoud_18102964>.
Parsing architecture <Behavioral> of entity <adder_youssef_hatem_mahmoud_18102964>.
Parsing VHDL file "F:\xilinix projects\mips_Single_Cycle_Youssf_hatem_Mahmoud_18102964\Mips_Youssef_Hatem_Mahmoud_18102964.vhd" into library work
Parsing entity <Mips_Youssef_Hatem_Mahmoud_18102964>.
Parsing architecture <Behavioral> of entity <mips_youssef_hatem_mahmoud_18102964>.

=========================================================================
*                            HDL Elaboration                            *
=========================================================================

Elaborating entity <Mips_Youssef_Hatem_Mahmoud_18102964> (architecture <Behavioral>) from library <work>.

Elaborating entity <Alu_Youssef_Hatem_Mahmoud_18102964> (architecture <Behavioral>) from library <work>.
WARNING:HDLCompiler:92 - "F:\xilinix projects\mips_Single_Cycle_Youssf_hatem_Mahmoud_18102964\Alu_Youssef_Hatem_Mahmoud_18102964.vhd" Line 47: a should be on the sensitivity list of the process
WARNING:HDLCompiler:92 - "F:\xilinix projects\mips_Single_Cycle_Youssf_hatem_Mahmoud_18102964\Alu_Youssef_Hatem_Mahmoud_18102964.vhd" Line 48: a should be on the sensitivity list of the process
WARNING:HDLCompiler:92 - "F:\xilinix projects\mips_Single_Cycle_Youssf_hatem_Mahmoud_18102964\Alu_Youssef_Hatem_Mahmoud_18102964.vhd" Line 49: a should be on the sensitivity list of the process
WARNING:HDLCompiler:92 - "F:\xilinix projects\mips_Single_Cycle_Youssf_hatem_Mahmoud_18102964\Alu_Youssef_Hatem_Mahmoud_18102964.vhd" Line 50: a should be on the sensitivity list of the process
WARNING:HDLCompiler:92 - "F:\xilinix projects\mips_Single_Cycle_Youssf_hatem_Mahmoud_18102964\Alu_Youssef_Hatem_Mahmoud_18102964.vhd" Line 51: a should be on the sensitivity list of the process
WARNING:HDLCompiler:92 - "F:\xilinix projects\mips_Single_Cycle_Youssf_hatem_Mahmoud_18102964\Alu_Youssef_Hatem_Mahmoud_18102964.vhd" Line 52: a should be on the sensitivity list of the process
WARNING:HDLCompiler:92 - "F:\xilinix projects\mips_Single_Cycle_Youssf_hatem_Mahmoud_18102964\Alu_Youssef_Hatem_Mahmoud_18102964.vhd" Line 53: a should be on the sensitivity list of the process
WARNING:HDLCompiler:92 - "F:\xilinix projects\mips_Single_Cycle_Youssf_hatem_Mahmoud_18102964\Alu_Youssef_Hatem_Mahmoud_18102964.vhd" Line 56: a should be on the sensitivity list of the process

Elaborating entity <Adder_Youssef_Hatem_Mahmoud_18102964> (architecture <Behavioral>) from library <work>.

Elaborating entity <Alu_Ctrl_unit_Youssef_Hatem_Mahmoud_18102964> (architecture <Behavioral>) from library <work>.

Elaborating entity <Ctrl_Unit_Youssef_Hatem_Mahmoud_18102964> (architecture <Behavioral>) from library <work>.

Elaborating entity <Instruction_Memory_Youssef_Hatem_Mahmoud_18102964> (architecture <Behavioral>) from library <work>.

Elaborating entity <Mux_21_32B_Youssef_Hatem_Mahmoud_18102964> (architecture <Behavioral>) from library <work>.
WARNING:HDLCompiler:92 - "F:\xilinix projects\mips_Single_Cycle_Youssf_hatem_Mahmoud_18102964\Mux_21_32B_Youssef_Hatem_Mahmoud_18102964.vhd" Line 47: a should be on the sensitivity list of the process
WARNING:HDLCompiler:92 - "F:\xilinix projects\mips_Single_Cycle_Youssf_hatem_Mahmoud_18102964\Mux_21_32B_Youssef_Hatem_Mahmoud_18102964.vhd" Line 48: b should be on the sensitivity list of the process

Elaborating entity <Mux_21_5B_Youssef_Hatem_Mahmoud_18102964> (architecture <Behavioral>) from library <work>.
WARNING:HDLCompiler:92 - "F:\xilinix projects\mips_Single_Cycle_Youssf_hatem_Mahmoud_18102964\Mux_21_5B_Youssef_Hatem_Mahmoud_18102964.vhd" Line 49: a should be on the sensitivity list of the process
WARNING:HDLCompiler:92 - "F:\xilinix projects\mips_Single_Cycle_Youssf_hatem_Mahmoud_18102964\Mux_21_5B_Youssef_Hatem_Mahmoud_18102964.vhd" Line 50: b should be on the sensitivity list of the process

Elaborating entity <Register_File_Youssef_Hatem_Mahmoud_18102964> (architecture <Behavioral>) from library <work>.
WARNING:HDLCompiler:92 - "F:\xilinix projects\mips_Single_Cycle_Youssf_hatem_Mahmoud_18102964\Register_File_Youssef_Hatem_Mahmoud_18102964.vhd" Line 72: registers should be on the sensitivity list of the process
WARNING:HDLCompiler:92 - "F:\xilinix projects\mips_Single_Cycle_Youssf_hatem_Mahmoud_18102964\Register_File_Youssef_Hatem_Mahmoud_18102964.vhd" Line 73: registers should be on the sensitivity list of the process

Elaborating entity <Shift_Left_Youssef_Hatem_Mahmoud_18102964> (architecture <Behavioral>) from library <work>.

Elaborating entity <Sign_extend_Youssef_Hatem_Mahmoud_18102964> (architecture <Behavioral>) from library <work>.

Elaborating entity <dataMemory_Youssef_hatem_mahmoud_18102964> (architecture <Behavioral>) from library <work>.

Elaborating entity <pc_Youssef_Hatem_mahmoud_18102964> (architecture <Behavioral>) from library <work>.
WARNING:Xst:2972 - "F:\xilinix projects\mips_Single_Cycle_Youssf_hatem_Mahmoud_18102964\Mips_Youssef_Hatem_Mahmoud_18102964.vhd" line 220. All outputs of instance <Inst_Alu_Youssef_Hatem_Mahmoud_18102964> of block <Alu_Youssef_Hatem_Mahmoud_18102964> are unconnected in block <Mips_Youssef_Hatem_Mahmoud_18102964>. Underlying logic will be removed.
WARNING:Xst:2972 - "F:\xilinix projects\mips_Single_Cycle_Youssf_hatem_Mahmoud_18102964\Mips_Youssef_Hatem_Mahmoud_18102964.vhd" line 221. All outputs of instance <Inst_Pc_Adder_Youssef_Hatem_Mahmoud_18102964> of block <Adder_Youssef_Hatem_Mahmoud_18102964> are unconnected in block <Mips_Youssef_Hatem_Mahmoud_18102964>. Underlying logic will be removed.
WARNING:Xst:2972 - "F:\xilinix projects\mips_Single_Cycle_Youssf_hatem_Mahmoud_18102964\Mips_Youssef_Hatem_Mahmoud_18102964.vhd" line 222. All outputs of instance <Inst_Branch_Adder_Youssef_Hatem_Mahmoud_18102964> of block <Adder_Youssef_Hatem_Mahmoud_18102964> are unconnected in block <Mips_Youssef_Hatem_Mahmoud_18102964>. Underlying logic will be removed.
WARNING:Xst:2972 - "F:\xilinix projects\mips_Single_Cycle_Youssf_hatem_Mahmoud_18102964\Mips_Youssef_Hatem_Mahmoud_18102964.vhd" line 224. All outputs of instance <Inst_Alu_Ctrl_unit_Youssef_Hatem_Mahmoud_18102964> of block <Alu_Ctrl_unit_Youssef_Hatem_Mahmoud_18102964> are unconnected in block <Mips_Youssef_Hatem_Mahmoud_18102964>. Underlying logic will be removed.
WARNING:Xst:2972 - "F:\xilinix projects\mips_Single_Cycle_Youssf_hatem_Mahmoud_18102964\Mips_Youssef_Hatem_Mahmoud_18102964.vhd" line 225. All outputs of instance <Inst_Ctrl_Unit_Youssef_Hatem_Mahmoud_18102964> of block <Ctrl_Unit_Youssef_Hatem_Mahmoud_18102964> are unconnected in block <Mips_Youssef_Hatem_Mahmoud_18102964>. Underlying logic will be removed.
WARNING:Xst:2972 - "F:\xilinix projects\mips_Single_Cycle_Youssf_hatem_Mahmoud_18102964\Mips_Youssef_Hatem_Mahmoud_18102964.vhd" line 226. All outputs of instance <Inst_Instruction_Memory_Youssef_Hatem_Mahmoud_18102964> of block <Instruction_Memory_Youssef_Hatem_Mahmoud_18102964> are unconnected in block <Mips_Youssef_Hatem_Mahmoud_18102964>. Underlying logic will be removed.
WARNING:Xst:2972 - "F:\xilinix projects\mips_Single_Cycle_Youssf_hatem_Mahmoud_18102964\Mips_Youssef_Hatem_Mahmoud_18102964.vhd" line 227. All outputs of instance <Inst_Alu_Mux_21_32B_Youssef_Hatem_Mahmoud_18102964> of block <Mux_21_32B_Youssef_Hatem_Mahmoud_18102964> are unconnected in block <Mips_Youssef_Hatem_Mahmoud_18102964>. Underlying logic will be removed.
WARNING:Xst:2972 - "F:\xilinix projects\mips_Single_Cycle_Youssf_hatem_Mahmoud_18102964\Mips_Youssef_Hatem_Mahmoud_18102964.vhd" line 229. All outputs of instance <Inst_DataMemory_Mux_21_32B_Youssef_Hatem_Mahmoud_18102964> of block <Mux_21_32B_Youssef_Hatem_Mahmoud_18102964> are unconnected in block <Mips_Youssef_Hatem_Mahmoud_18102964>. Underlying logic will be removed.
WARNING:Xst:2972 - "F:\xilinix projects\mips_Single_Cycle_Youssf_hatem_Mahmoud_18102964\Mips_Youssef_Hatem_Mahmoud_18102964.vhd" line 231. All outputs of instance <Inst_Branch_Mux_21_32B_Youssef_Hatem_Mahmoud_18102964> of block <Mux_21_32B_Youssef_Hatem_Mahmoud_18102964> are unconnected in block <Mips_Youssef_Hatem_Mahmoud_18102964>. Underlying logic will be removed.
WARNING:Xst:2972 - "F:\xilinix projects\mips_Single_Cycle_Youssf_hatem_Mahmoud_18102964\Mips_Youssef_Hatem_Mahmoud_18102964.vhd" line 232. All outputs of instance <Inst_Pc_to_inst_memory_Mux_21_5B_Youssef_Hatem_Mahmoud_18102964> of block <Mux_21_5B_Youssef_Hatem_Mahmoud_18102964> are unconnected in block <Mips_Youssef_Hatem_Mahmoud_18102964>. Underlying logic will be removed.
WARNING:Xst:2972 - "F:\xilinix projects\mips_Single_Cycle_Youssf_hatem_Mahmoud_18102964\Mips_Youssef_Hatem_Mahmoud_18102964.vhd" line 233. All outputs of instance <Inst_Register_File_Youssef_Hatem_Mahmoud_18102964> of block <Register_File_Youssef_Hatem_Mahmoud_18102964> are unconnected in block <Mips_Youssef_Hatem_Mahmoud_18102964>. Underlying logic will be removed.
WARNING:Xst:2972 - "F:\xilinix projects\mips_Single_Cycle_Youssf_hatem_Mahmoud_18102964\Mips_Youssef_Hatem_Mahmoud_18102964.vhd" line 234. All outputs of instance <Inst_Shift_Left_Youssef_Hatem_Mahmoud_18102964> of block <Shift_Left_Youssef_Hatem_Mahmoud_18102964> are unconnected in block <Mips_Youssef_Hatem_Mahmoud_18102964>. Underlying logic will be removed.
WARNING:Xst:2972 - "F:\xilinix projects\mips_Single_Cycle_Youssf_hatem_Mahmoud_18102964\Mips_Youssef_Hatem_Mahmoud_18102964.vhd" line 235. All outputs of instance <Inst_Sign_extend_Youssef_Hatem_Mahmoud_18102964> of block <Sign_extend_Youssef_Hatem_Mahmoud_18102964> are unconnected in block <Mips_Youssef_Hatem_Mahmoud_18102964>. Underlying logic will be removed.
WARNING:Xst:2972 - "F:\xilinix projects\mips_Single_Cycle_Youssf_hatem_Mahmoud_18102964\Mips_Youssef_Hatem_Mahmoud_18102964.vhd" line 236. All outputs of instance <Inst_dataMemory_Youssef_hatem_mahmoud_18102964> of block <dataMemory_Youssef_hatem_mahmoud_18102964> are unconnected in block <Mips_Youssef_Hatem_Mahmoud_18102964>. Underlying logic will be removed.
WARNING:Xst:2972 - "F:\xilinix projects\mips_Single_Cycle_Youssf_hatem_Mahmoud_18102964\Mips_Youssef_Hatem_Mahmoud_18102964.vhd" line 238. All outputs of instance <Inst_pc_Youssef_Hatem_mahmoud_18102964> of block <pc_Youssef_Hatem_mahmoud_18102964> are unconnected in block <Mips_Youssef_Hatem_Mahmoud_18102964>. Underlying logic will be removed.

=========================================================================
*                           HDL Synthesis                               *
=========================================================================

Synthesizing Unit <Mips_Youssef_Hatem_Mahmoud_18102964>.
    Related source file is "F:\xilinix projects\mips_Single_Cycle_Youssf_hatem_Mahmoud_18102964\Mips_Youssef_Hatem_Mahmoud_18102964.vhd".
INFO:Xst:3210 - "F:\xilinix projects\mips_Single_Cycle_Youssf_hatem_Mahmoud_18102964\Mips_Youssef_Hatem_Mahmoud_18102964.vhd" line 222: Output port <output> of the instance <Inst_Branch_Adder_Youssef_Hatem_Mahmoud_18102964> is unconnected or connected to loadless signal.
    Summary:
	no macro.
Unit <Mips_Youssef_Hatem_Mahmoud_18102964> synthesized.

=========================================================================
HDL Synthesis Report

Found no macro
=========================================================================

=========================================================================
*                       Advanced HDL Synthesis                          *
=========================================================================


=========================================================================
Advanced HDL Synthesis Report

Found no macro
=========================================================================

=========================================================================
*                         Low Level Synthesis                           *
=========================================================================

Optimizing unit <Mips_Youssef_Hatem_Mahmoud_18102964> ...

Mapping all equations...
Building and optimizing final netlist ...
Found area constraint ratio of 100 (+ 5) on block Mips_Youssef_Hatem_Mahmoud_18102964, actual ratio is 0.

Final Macro Processing ...

=========================================================================
Final Register Report

Found no macro
=========================================================================

=========================================================================
*                           Partition Report                            *
=========================================================================

Partition Implementation Status
-------------------------------

  No Partitions were found in this design.

-------------------------------

=========================================================================
*                            Design Summary                             *
=========================================================================

Top Level Output File Name         : Mips_Youssef_Hatem_Mahmoud_18102964.ngc

Primitive and Black Box Usage:
------------------------------

Device utilization summary:
---------------------------

Selected Device : 7a100tcsg324-3 


Slice Logic Utilization: 

Slice Logic Distribution: 
 Number of LUT Flip Flop pairs used:      0
   Number with an unused Flip Flop:       0  out of      0         
   Number with an unused LUT:             0  out of      0         
   Number of fully used LUT-FF pairs:     0  out of      0         
   Number of unique control sets:         0

IO Utilization: 
 Number of IOs:                           1
 Number of bonded IOBs:                   0  out of    210     0%  

Specific Feature Utilization:

---------------------------
Partition Resource Summary:
---------------------------

  No Partitions were found in this design.

---------------------------


=========================================================================
Timing Report

NOTE: THESE TIMING NUMBERS ARE ONLY A SYNTHESIS ESTIMATE.
      FOR ACCURATE TIMING INFORMATION PLEASE REFER TO THE TRACE REPORT
      GENERATED AFTER PLACE-and-ROUTE.

Clock Information:
------------------
No clock signals found in this design

Asynchronous Control Signals Information:
----------------------------------------
No asynchronous control signals found in this design

Timing Summary:
---------------
Speed Grade: -3

   Minimum period: No path found
   Minimum input arrival time before clock: No path found
   Maximum output required time after clock: No path found
   Maximum combinational path delay: No path found

Timing Details:
---------------
All values displayed in nanoseconds (ns)

=========================================================================

Cross Clock Domains Report:
--------------------------

=========================================================================


Total REAL time to Xst completion: 68.00 secs
Total CPU time to Xst completion: 68.38 secs
 
--> 

Total memory usage is 4656196 kilobytes

Number of errors   :    0 (   0 filtered)
Number of warnings :   29 (   0 filtered)
Number of infos    :    1 (   0 filtered)

